<?xml version="1.0" encoding="UTF-8"?>
<coverage generated="1771675415008" clover="3.2.0">
  <project timestamp="1771675415008" name="All files">
    <metrics statements="76" coveredstatements="75" conditionals="21" coveredconditionals="19" methods="31" coveredmethods="31" elements="128" coveredelements="125" complexity="0" loc="76" ncloc="76" packages="4" files="5" classes="5"/>
    <package name="etymology.services">
      <metrics statements="14" coveredstatements="14" conditionals="1" coveredconditionals="1" methods="10" coveredmethods="10"/>
      <file name="etymologyService.ts" path="/Users/arimurahiroaki/Rootify/src/features/etymology/services/etymologyService.ts">
        <metrics statements="14" coveredstatements="14" conditionals="1" coveredconditionals="1" methods="10" coveredmethods="10"/>
        <line num="1" count="2" type="stmt"/>
        <line num="2" count="2" type="stmt"/>
        <line num="8" count="2" type="stmt"/>
        <line num="11" count="3" type="stmt"/>
        <line num="12" count="3" type="stmt"/>
        <line num="17" count="124" type="stmt"/>
        <line num="18" count="12" type="stmt"/>
        <line num="22" count="1872" type="stmt"/>
        <line num="23" count="106" type="stmt"/>
        <line num="27" count="2" type="stmt"/>
        <line num="28" count="2" type="cond" truecount="1" falsecount="0"/>
        <line num="30" count="1" type="stmt"/>
        <line num="31" count="1" type="stmt"/>
        <line num="35" count="9" type="stmt"/>
      </file>
    </package>
    <package name="progress.services">
      <metrics statements="7" coveredstatements="7" conditionals="3" coveredconditionals="3" methods="4" coveredmethods="4"/>
      <file name="progressService.ts" path="/Users/arimurahiroaki/Rootify/src/features/progress/services/progressService.ts">
        <metrics statements="7" coveredstatements="7" conditionals="3" coveredconditionals="3" methods="4" coveredmethods="4"/>
        <line num="3" count="1" type="stmt"/>
        <line num="5" count="3" type="stmt"/>
        <line num="13" count="3" type="stmt"/>
        <line num="14" count="8" type="cond" truecount="3" falsecount="0"/>
        <line num="15" count="8" type="stmt"/>
        <line num="19" count="3" type="stmt"/>
        <line num="23" count="9" type="stmt"/>
      </file>
    </package>
    <package name="quiz.services">
      <metrics statements="37" coveredstatements="37" conditionals="8" coveredconditionals="7" methods="13" coveredmethods="13"/>
      <file name="quizChoiceEngine.ts" path="/Users/arimurahiroaki/Rootify/src/features/quiz/services/quizChoiceEngine.ts">
        <metrics statements="22" coveredstatements="22" conditionals="3" coveredconditionals="3" methods="11" coveredmethods="11"/>
        <line num="4" count="2" type="stmt"/>
        <line num="6" count="70" type="stmt"/>
        <line num="9" count="70" type="stmt"/>
        <line num="21" count="6840" type="stmt"/>
        <line num="24" count="70" type="stmt"/>
        <line num="25" count="57816" type="stmt"/>
        <line num="28" count="6770" type="stmt"/>
        <line num="29" count="6770" type="stmt"/>
        <line num="32" count="70" type="cond" truecount="1" falsecount="0"/>
        <line num="33" count="70" type="stmt"/>
        <line num="34" count="70" type="stmt"/>
        <line num="42" count="13540" type="stmt"/>
        <line num="43" count="6700" type="stmt"/>
        <line num="45" count="70" type="cond" truecount="1" falsecount="0"/>
        <line num="46" count="69" type="stmt"/>
        <line num="47" count="69" type="stmt"/>
        <line num="55" count="70" type="stmt"/>
        <line num="56" count="20240" type="stmt"/>
        <line num="57" count="70" type="cond" truecount="1" falsecount="0"/>
        <line num="58" count="69" type="stmt"/>
        <line num="59" count="69" type="stmt"/>
        <line num="67" count="70" type="stmt"/>
      </file>
      <file name="quizService.ts" path="/Users/arimurahiroaki/Rootify/src/features/quiz/services/quizService.ts">
        <metrics statements="15" coveredstatements="15" conditionals="5" coveredconditionals="4" methods="2" coveredmethods="2"/>
        <line num="1" count="1" type="stmt"/>
        <line num="3" count="1" type="stmt"/>
        <line num="5" count="1" type="stmt"/>
        <line num="7" count="8" type="stmt"/>
        <line num="8" count="8" type="cond" truecount="1" falsecount="0"/>
        <line num="10" count="7" type="stmt"/>
        <line num="11" count="7" type="cond" truecount="0" falsecount="1"/>
        <line num="13" count="7" type="stmt"/>
        <line num="17" count="7" type="cond" truecount="2" falsecount="0"/>
        <line num="21" count="7" type="stmt"/>
        <line num="23" count="7" type="stmt"/>
        <line num="24" count="43" type="stmt"/>
        <line num="25" count="43" type="stmt"/>
        <line num="28" count="92" type="stmt"/>
        <line num="33" count="7" type="stmt"/>
      </file>
    </package>
    <package name="review.services">
      <metrics statements="18" coveredstatements="17" conditionals="9" coveredconditionals="8" methods="4" coveredmethods="4"/>
      <file name="spacedRepetition.ts" path="/Users/arimurahiroaki/Rootify/src/features/review/services/spacedRepetition.ts">
        <metrics statements="18" coveredstatements="17" conditionals="9" coveredconditionals="8" methods="4" coveredmethods="4"/>
        <line num="3" count="1" type="stmt"/>
        <line num="13" count="13" type="stmt"/>
        <line num="15" count="13" type="cond" truecount="2" falsecount="0"/>
        <line num="16" count="9" type="stmt"/>
        <line num="18" count="4" type="stmt"/>
        <line num="21" count="13" type="stmt"/>
        <line num="22" count="13" type="stmt"/>
        <line num="24" count="13" type="cond" truecount="4" falsecount="1"/>
        <line num="25" count="6" type="stmt"/>
        <line num="26" count="2" type="stmt"/>
        <line num="27" count="2" type="stmt"/>
        <line num="28" count="3" type="stmt"/>
        <line num="29" count="0" type="stmt"/>
        <line num="32" count="13" type="stmt"/>
        <line num="39" count="4" type="stmt"/>
        <line num="40" count="4" type="stmt"/>
        <line num="41" count="5" type="cond" truecount="2" falsecount="0"/>
        <line num="42" count="2" type="stmt"/>
      </file>
    </package>
  </project>
</coverage>
