{"/Users/arimurahiroaki/Rootify/src/features/etymology/services/etymologyService.ts": {"path":"/Users/arimurahiroaki/Rootify/src/features/etymology/services/etymologyService.ts","statementMap":{"0":{"start":{"line":1,"column":0},"end":{"line":1,"column":61}},"1":{"start":{"line":2,"column":0},"end":{"line":2,"column":49}},"2":{"start":{"line":8,"column":13},"end":{"line":37,"column":2}},"3":{"start":{"line":11,"column":4},"end":{"line":13,"column":7}},"4":{"start":{"line":12,"column":6},"end":{"line":12,"column":68}},"5":{"start":{"line":12,"column":23},"end":{"line":12,"column":62}},"6":{"start":{"line":17,"column":18},"end":{"line":17,"column":74}},"7":{"start":{"line":17,"column":62},"end":{"line":17,"column":73}},"8":{"start":{"line":18,"column":4},"end":{"line":18,"column":33}},"9":{"start":{"line":22,"column":19},"end":{"line":22,"column":76}},"10":{"start":{"line":22,"column":54},"end":{"line":22,"column":75}},"11":{"start":{"line":23,"column":4},"end":{"line":23,"column":78}},"12":{"start":{"line":23,"column":48},"end":{"line":23,"column":75}},"13":{"start":{"line":27,"column":22},"end":{"line":27,"column":65}},"14":{"start":{"line":28,"column":4},"end":{"line":28,"column":37}},"15":{"start":{"line":28,"column":20},"end":{"line":28,"column":37}},"16":{"start":{"line":30,"column":18},"end":{"line":30,"column":66}},"17":{"start":{"line":31,"column":4},"end":{"line":31,"column":35}},"18":{"start":{"line":35,"column":6},"end":{"line":35,"column":50}}},"fnMap":{"0":{"name":"(anonymous_1)","decl":{"start":{"line":9,"column":21},"end":{"line":9,"column":26}},"loc":{"start":{"line":9,"column":54},"end":{"line":14,"column":3}}},"1":{"name":"(anonymous_2)","decl":{"start":{"line":11,"column":23},"end":{"line":11,"column":24}},"loc":{"start":{"line":11,"column":35},"end":{"line":13,"column":5}}},"2":{"name":"(anonymous_3)","decl":{"start":{"line":12,"column":17},"end":{"line":12,"column":20}},"loc":{"start":{"line":12,"column":23},"end":{"line":12,"column":62}}},"3":{"name":"(anonymous_4)","decl":{"start":{"line":16,"column":20},"end":{"line":16,"column":25}},"loc":{"start":{"line":16,"column":73},"end":{"line":19,"column":3}}},"4":{"name":"(anonymous_5)","decl":{"start":{"line":17,"column":55},"end":{"line":17,"column":56}},"loc":{"start":{"line":17,"column":62},"end":{"line":17,"column":73}}},"5":{"name":"(anonymous_6)","decl":{"start":{"line":21,"column":25},"end":{"line":21,"column":30}},"loc":{"start":{"line":21,"column":63},"end":{"line":24,"column":3}}},"6":{"name":"(anonymous_7)","decl":{"start":{"line":22,"column":47},"end":{"line":22,"column":48}},"loc":{"start":{"line":22,"column":54},"end":{"line":22,"column":75}}},"7":{"name":"(anonymous_8)","decl":{"start":{"line":23,"column":38},"end":{"line":23,"column":39}},"loc":{"start":{"line":23,"column":48},"end":{"line":23,"column":75}}},"8":{"name":"(anonymous_9)","decl":{"start":{"line":26,"column":25},"end":{"line":26,"column":30}},"loc":{"start":{"line":26,"column":87},"end":{"line":32,"column":3}}},"9":{"name":"(anonymous_10)","decl":{"start":{"line":34,"column":15},"end":{"line":34,"column":20}},"loc":{"start":{"line":34,"column":43},"end":{"line":36,"column":3}}}},"branchMap":{"0":{"loc":{"start":{"line":28,"column":4},"end":{"line":28,"column":37}},"type":"if","locations":[{"start":{"line":28,"column":4},"end":{"line":28,"column":37}}]}},"s":{"0":2,"1":2,"2":2,"3":3,"4":3,"5":3,"6":12,"7":124,"8":12,"9":12,"10":1872,"11":12,"12":106,"13":2,"14":2,"15":1,"16":1,"17":1,"18":9},"f":{"0":3,"1":3,"2":3,"3":12,"4":124,"5":12,"6":1872,"7":106,"8":2,"9":9},"b":{"0":[1]}}
,"/Users/arimurahiroaki/Rootify/src/features/progress/services/progressService.ts": {"path":"/Users/arimurahiroaki/Rootify/src/features/progress/services/progressService.ts","statementMap":{"0":{"start":{"line":3,"column":13},"end":{"line":25,"column":2}},"1":{"start":{"line":5,"column":25},"end":{"line":11,"column":6}},"2":{"start":{"line":13,"column":4},"end":{"line":17,"column":7}},"3":{"start":{"line":14,"column":6},"end":{"line":16,"column":7}},"4":{"start":{"line":15,"column":8},"end":{"line":15,"column":43}},"5":{"start":{"line":19,"column":4},"end":{"line":19,"column":24}},"6":{"start":{"line":23,"column":6},"end":{"line":23,"column":70}},"7":{"start":{"line":23,"column":50},"end":{"line":23,"column":61}}},"fnMap":{"0":{"name":"(anonymous_0)","decl":{"start":{"line":4,"column":32},"end":{"line":4,"column":33}},"loc":{"start":{"line":4,"column":75},"end":{"line":20,"column":3}}},"1":{"name":"(anonymous_1)","decl":{"start":{"line":13,"column":37},"end":{"line":13,"column":38}},"loc":{"start":{"line":13,"column":43},"end":{"line":17,"column":5}}},"2":{"name":"(anonymous_2)","decl":{"start":{"line":22,"column":25},"end":{"line":22,"column":26}},"loc":{"start":{"line":22,"column":68},"end":{"line":24,"column":3}}},"3":{"name":"(anonymous_3)","decl":{"start":{"line":23,"column":45},"end":{"line":23,"column":46}},"loc":{"start":{"line":23,"column":50},"end":{"line":23,"column":61}}}},"branchMap":{"0":{"loc":{"start":{"line":14,"column":6},"end":{"line":16,"column":7}},"type":"if","locations":[{"start":{"line":14,"column":6},"end":{"line":16,"column":7}}]},"1":{"loc":{"start":{"line":14,"column":10},"end":{"line":14,"column":38}},"type":"binary-expr","locations":[{"start":{"line":14,"column":10},"end":{"line":14,"column":22}},{"start":{"line":14,"column":26},"end":{"line":14,"column":38}}]}},"s":{"0":1,"1":3,"2":3,"3":8,"4":8,"5":3,"6":4,"7":9},"f":{"0":3,"1":8,"2":4,"3":9},"b":{"0":[8],"1":[8,8]}}
,"/Users/arimurahiroaki/Rootify/src/features/quiz/services/quizChoiceEngine.ts": {"path":"/Users/arimurahiroaki/Rootify/src/features/quiz/services/quizChoiceEngine.ts","statementMap":{"0":{"start":{"line":4,"column":13},"end":{"line":69,"column":2}},"1":{"start":{"line":6,"column":34},"end":{"line":6,"column":36}},"2":{"start":{"line":9,"column":4},"end":{"line":13,"column":7}},"3":{"start":{"line":21,"column":23},"end":{"line":21,"column":70}},"4":{"start":{"line":21,"column":46},"end":{"line":21,"column":69}},"5":{"start":{"line":24,"column":20},"end":{"line":26,"column":5}},"6":{"start":{"line":25,"column":6},"end":{"line":25,"column":51}},"7":{"start":{"line":25,"column":30},"end":{"line":25,"column":49}},"8":{"start":{"line":28,"column":21},"end":{"line":28,"column":74}},"9":{"start":{"line":28,"column":46},"end":{"line":28,"column":73}},"10":{"start":{"line":29,"column":20},"end":{"line":29,"column":93}},"11":{"start":{"line":29,"column":45},"end":{"line":29,"column":92}},"12":{"start":{"line":32,"column":4},"end":{"line":39,"column":5}},"13":{"start":{"line":33,"column":25},"end":{"line":33,"column":45}},"14":{"start":{"line":34,"column":6},"end":{"line":38,"column":9}},"15":{"start":{"line":42,"column":28},"end":{"line":42,"column":89}},"16":{"start":{"line":42,"column":51},"end":{"line":42,"column":88}},"17":{"start":{"line":42,"column":70},"end":{"line":42,"column":87}},"18":{"start":{"line":43,"column":28},"end":{"line":43,"column":104}},"19":{"start":{"line":43,"column":56},"end":{"line":43,"column":103}},"20":{"start":{"line":45,"column":4},"end":{"line":52,"column":5}},"21":{"start":{"line":46,"column":27},"end":{"line":46,"column":54}},"22":{"start":{"line":47,"column":8},"end":{"line":51,"column":11}},"23":{"start":{"line":55,"column":4},"end":{"line":64,"column":5}},"24":{"start":{"line":56,"column":27},"end":{"line":56,"column":88}},"25":{"start":{"line":56,"column":50},"end":{"line":56,"column":87}},"26":{"start":{"line":56,"column":69},"end":{"line":56,"column":86}},"27":{"start":{"line":57,"column":8},"end":{"line":57,"column":43}},"28":{"start":{"line":57,"column":37},"end":{"line":57,"column":43}},"29":{"start":{"line":58,"column":27},"end":{"line":58,"column":49}},"30":{"start":{"line":59,"column":8},"end":{"line":63,"column":11}},"31":{"start":{"line":67,"column":4},"end":{"line":67,"column":28}}},"fnMap":{"0":{"name":"(anonymous_0)","decl":{"start":{"line":5,"column":19},"end":{"line":5,"column":20}},"loc":{"start":{"line":5,"column":73},"end":{"line":68,"column":3}}},"1":{"name":"(anonymous_1)","decl":{"start":{"line":21,"column":39},"end":{"line":21,"column":40}},"loc":{"start":{"line":21,"column":46},"end":{"line":21,"column":69}}},"2":{"name":"(anonymous_2)","decl":{"start":{"line":24,"column":20},"end":{"line":24,"column":24}},"loc":{"start":{"line":24,"column":43},"end":{"line":26,"column":5}}},"3":{"name":"(anonymous_3)","decl":{"start":{"line":25,"column":24},"end":{"line":25,"column":27}},"loc":{"start":{"line":25,"column":30},"end":{"line":25,"column":49}}},"4":{"name":"(anonymous_4)","decl":{"start":{"line":28,"column":39},"end":{"line":28,"column":40}},"loc":{"start":{"line":28,"column":46},"end":{"line":28,"column":73}}},"5":{"name":"(anonymous_5)","decl":{"start":{"line":29,"column":38},"end":{"line":29,"column":39}},"loc":{"start":{"line":29,"column":45},"end":{"line":29,"column":92}}},"6":{"name":"(anonymous_6)","decl":{"start":{"line":42,"column":46},"end":{"line":42,"column":47}},"loc":{"start":{"line":42,"column":51},"end":{"line":42,"column":88}}},"7":{"name":"(anonymous_7)","decl":{"start":{"line":42,"column":65},"end":{"line":42,"column":66}},"loc":{"start":{"line":42,"column":70},"end":{"line":42,"column":87}}},"8":{"name":"(anonymous_8)","decl":{"start":{"line":43,"column":51},"end":{"line":43,"column":52}},"loc":{"start":{"line":43,"column":56},"end":{"line":43,"column":103}}},"9":{"name":"(anonymous_9)","decl":{"start":{"line":56,"column":45},"end":{"line":56,"column":46}},"loc":{"start":{"line":56,"column":50},"end":{"line":56,"column":87}}},"10":{"name":"(anonymous_10)","decl":{"start":{"line":56,"column":64},"end":{"line":56,"column":65}},"loc":{"start":{"line":56,"column":69},"end":{"line":56,"column":86}}}},"branchMap":{"0":{"loc":{"start":{"line":32,"column":4},"end":{"line":39,"column":5}},"type":"if","locations":[{"start":{"line":32,"column":4},"end":{"line":39,"column":5}}]},"1":{"loc":{"start":{"line":45,"column":4},"end":{"line":52,"column":5}},"type":"if","locations":[{"start":{"line":45,"column":4},"end":{"line":52,"column":5}}]},"2":{"loc":{"start":{"line":57,"column":8},"end":{"line":57,"column":43}},"type":"if","locations":[{"start":{"line":57,"column":8},"end":{"line":57,"column":43}}]}},"s":{"0":2,"1":70,"2":70,"3":70,"4":6840,"5":70,"6":278,"7":57816,"8":70,"9":6770,"10":70,"11":6770,"12":70,"13":70,"14":70,"15":70,"16":6770,"17":13540,"18":70,"19":6700,"20":70,"21":69,"22":69,"23":70,"24":70,"25":6770,"26":20240,"27":70,"28":1,"29":69,"30":69,"31":70},"f":{"0":70,"1":6840,"2":278,"3":57816,"4":6770,"5":6770,"6":6770,"7":13540,"8":6700,"9":6770,"10":20240},"b":{"0":[70],"1":[69],"2":[1]}}
,"/Users/arimurahiroaki/Rootify/src/features/quiz/services/quizService.ts": {"path":"/Users/arimurahiroaki/Rootify/src/features/quiz/services/quizService.ts","statementMap":{"0":{"start":{"line":1,"column":0},"end":{"line":1,"column":77}},"1":{"start":{"line":3,"column":0},"end":{"line":3,"column":54}},"2":{"start":{"line":5,"column":13},"end":{"line":35,"column":2}},"3":{"start":{"line":7,"column":22},"end":{"line":7,"column":74}},"4":{"start":{"line":8,"column":4},"end":{"line":8,"column":59}},"5":{"start":{"line":8,"column":20},"end":{"line":8,"column":59}},"6":{"start":{"line":10,"column":18},"end":{"line":10,"column":75}},"7":{"start":{"line":11,"column":4},"end":{"line":11,"column":38}},"8":{"start":{"line":11,"column":28},"end":{"line":11,"column":38}},"9":{"start":{"line":13,"column":21},"end":{"line":13,"column":57}},"10":{"start":{"line":17,"column":26},"end":{"line":19,"column":15}},"11":{"start":{"line":21,"column":38},"end":{"line":21,"column":40}},"12":{"start":{"line":23,"column":4},"end":{"line":31,"column":5}},"13":{"start":{"line":24,"column":22},"end":{"line":24,"column":70}},"14":{"start":{"line":25,"column":6},"end":{"line":30,"column":9}},"15":{"start":{"line":28,"column":47},"end":{"line":28,"column":58}},"16":{"start":{"line":33,"column":4},"end":{"line":33,"column":21}}},"fnMap":{"0":{"name":"(anonymous_0)","decl":{"start":{"line":6,"column":32},"end":{"line":6,"column":37}},"loc":{"start":{"line":6,"column":107},"end":{"line":34,"column":3}}},"1":{"name":"(anonymous_1)","decl":{"start":{"line":28,"column":40},"end":{"line":28,"column":41}},"loc":{"start":{"line":28,"column":47},"end":{"line":28,"column":58}}}},"branchMap":{"0":{"loc":{"start":{"line":6,"column":60},"end":{"line":6,"column":78}},"type":"default-arg","locations":[{"start":{"line":6,"column":76},"end":{"line":6,"column":78}}]},"1":{"loc":{"start":{"line":8,"column":4},"end":{"line":8,"column":59}},"type":"if","locations":[{"start":{"line":8,"column":4},"end":{"line":8,"column":59}}]},"2":{"loc":{"start":{"line":11,"column":4},"end":{"line":11,"column":38}},"type":"if","locations":[{"start":{"line":11,"column":4},"end":{"line":11,"column":38}}]},"3":{"loc":{"start":{"line":17,"column":26},"end":{"line":19,"column":15}},"type":"cond-expr","locations":[{"start":{"line":18,"column":10},"end":{"line":18,"column":31}},{"start":{"line":19,"column":10},"end":{"line":19,"column":15}}]}},"s":{"0":1,"1":1,"2":1,"3":8,"4":8,"5":1,"6":7,"7":7,"8":0,"9":7,"10":7,"11":7,"12":7,"13":43,"14":43,"15":92,"16":7},"f":{"0":8,"1":92},"b":{"0":[7],"1":[1],"2":[0],"3":[1,6]}}
,"/Users/arimurahiroaki/Rootify/src/features/review/services/spacedRepetition.ts": {"path":"/Users/arimurahiroaki/Rootify/src/features/review/services/spacedRepetition.ts","statementMap":{"0":{"start":{"line":3,"column":13},"end":{"line":44,"column":2}},"1":{"start":{"line":13,"column":19},"end":{"line":13,"column":31}},"2":{"start":{"line":15,"column":4},"end":{"line":19,"column":5}},"3":{"start":{"line":16,"column":6},"end":{"line":16,"column":47}},"4":{"start":{"line":18,"column":6},"end":{"line":18,"column":19}},"5":{"start":{"line":21,"column":16},"end":{"line":21,"column":26}},"6":{"start":{"line":22,"column":19},"end":{"line":22,"column":20}},"7":{"start":{"line":24,"column":4},"end":{"line":30,"column":5}},"8":{"start":{"line":25,"column":14},"end":{"line":25,"column":60}},"9":{"start":{"line":25,"column":61},"end":{"line":25,"column":67}},"10":{"start":{"line":26,"column":14},"end":{"line":26,"column":60}},"11":{"start":{"line":26,"column":61},"end":{"line":26,"column":67}},"12":{"start":{"line":27,"column":14},"end":{"line":27,"column":60}},"13":{"start":{"line":27,"column":61},"end":{"line":27,"column":67}},"14":{"start":{"line":28,"column":14},"end":{"line":28,"column":60}},"15":{"start":{"line":28,"column":61},"end":{"line":28,"column":67}},"16":{"start":{"line":29,"column":15},"end":{"line":29,"column":61}},"17":{"start":{"line":32,"column":4},"end":{"line":35,"column":6}},"18":{"start":{"line":39,"column":18},"end":{"line":39,"column":28}},"19":{"start":{"line":40,"column":6},"end":{"line":42,"column":28}},"20":{"start":{"line":41,"column":21},"end":{"line":41,"column":73}},"21":{"start":{"line":42,"column":18},"end":{"line":42,"column":26}}},"fnMap":{"0":{"name":"(anonymous_0)","decl":{"start":{"line":12,"column":23},"end":{"line":12,"column":24}},"loc":{"start":{"line":12,"column":112},"end":{"line":36,"column":3}}},"1":{"name":"(anonymous_1)","decl":{"start":{"line":38,"column":21},"end":{"line":38,"column":22}},"loc":{"start":{"line":38,"column":74},"end":{"line":43,"column":3}}},"2":{"name":"(anonymous_2)","decl":{"start":{"line":41,"column":16},"end":{"line":41,"column":17}},"loc":{"start":{"line":41,"column":21},"end":{"line":41,"column":73}}},"3":{"name":"(anonymous_3)","decl":{"start":{"line":42,"column":13},"end":{"line":42,"column":14}},"loc":{"start":{"line":42,"column":18},"end":{"line":42,"column":26}}}},"branchMap":{"0":{"loc":{"start":{"line":15,"column":4},"end":{"line":19,"column":5}},"type":"if","locations":[{"start":{"line":15,"column":4},"end":{"line":19,"column":5}},{"start":{"line":17,"column":11},"end":{"line":19,"column":5}}]},"1":{"loc":{"start":{"line":24,"column":4},"end":{"line":30,"column":5}},"type":"switch","locations":[{"start":{"line":25,"column":6},"end":{"line":25,"column":67}},{"start":{"line":26,"column":6},"end":{"line":26,"column":67}},{"start":{"line":27,"column":6},"end":{"line":27,"column":67}},{"start":{"line":28,"column":6},"end":{"line":28,"column":67}},{"start":{"line":29,"column":6},"end":{"line":29,"column":61}}]},"2":{"loc":{"start":{"line":41,"column":21},"end":{"line":41,"column":73}},"type":"binary-expr","locations":[{"start":{"line":41,"column":21},"end":{"line":41,"column":46}},{"start":{"line":41,"column":50},"end":{"line":41,"column":73}}]}},"s":{"0":1,"1":13,"2":13,"3":9,"4":4,"5":13,"6":13,"7":13,"8":6,"9":6,"10":2,"11":2,"12":2,"13":2,"14":3,"15":3,"16":0,"17":13,"18":4,"19":4,"20":5,"21":2},"f":{"0":13,"1":4,"2":5,"3":2},"b":{"0":[9,4],"1":[6,2,2,3,0],"2":[5,4]}}
}
