TN:
SF:src/features/etymology/services/etymologyService.ts
FN:9,(anonymous_1)
FN:11,(anonymous_2)
FN:12,(anonymous_3)
FN:16,(anonymous_4)
FN:17,(anonymous_5)
FN:21,(anonymous_6)
FN:22,(anonymous_7)
FN:23,(anonymous_8)
FN:26,(anonymous_9)
FN:34,(anonymous_10)
FNF:10
FNH:10
FNDA:3,(anonymous_1)
FNDA:3,(anonymous_2)
FNDA:3,(anonymous_3)
FNDA:12,(anonymous_4)
FNDA:124,(anonymous_5)
FNDA:12,(anonymous_6)
FNDA:1872,(anonymous_7)
FNDA:106,(anonymous_8)
FNDA:2,(anonymous_9)
FNDA:9,(anonymous_10)
DA:1,2
DA:2,2
DA:8,2
DA:11,3
DA:12,3
DA:17,124
DA:18,12
DA:22,1872
DA:23,106
DA:27,2
DA:28,2
DA:30,1
DA:31,1
DA:35,9
LF:14
LH:14
BRDA:28,0,0,1
BRF:1
BRH:1
end_of_record
TN:
SF:src/features/progress/services/progressService.ts
FN:4,(anonymous_0)
FN:13,(anonymous_1)
FN:22,(anonymous_2)
FN:23,(anonymous_3)
FNF:4
FNH:4
FNDA:3,(anonymous_0)
FNDA:8,(anonymous_1)
FNDA:4,(anonymous_2)
FNDA:9,(anonymous_3)
DA:3,1
DA:5,3
DA:13,3
DA:14,8
DA:15,8
DA:19,3
DA:23,9
LF:7
LH:7
BRDA:14,0,0,8
BRDA:14,1,0,8
BRDA:14,1,1,8
BRF:3
BRH:3
end_of_record
TN:
SF:src/features/quiz/services/quizChoiceEngine.ts
FN:5,(anonymous_0)
FN:21,(anonymous_1)
FN:24,(anonymous_2)
FN:25,(anonymous_3)
FN:28,(anonymous_4)
FN:29,(anonymous_5)
FN:42,(anonymous_6)
FN:42,(anonymous_7)
FN:43,(anonymous_8)
FN:56,(anonymous_9)
FN:56,(anonymous_10)
FNF:11
FNH:11
FNDA:70,(anonymous_0)
FNDA:6840,(anonymous_1)
FNDA:278,(anonymous_2)
FNDA:57816,(anonymous_3)
FNDA:6770,(anonymous_4)
FNDA:6770,(anonymous_5)
FNDA:6770,(anonymous_6)
FNDA:13540,(anonymous_7)
FNDA:6700,(anonymous_8)
FNDA:6770,(anonymous_9)
FNDA:20240,(anonymous_10)
DA:4,2
DA:6,70
DA:9,70
DA:21,6840
DA:24,70
DA:25,57816
DA:28,6770
DA:29,6770
DA:32,70
DA:33,70
DA:34,70
DA:42,13540
DA:43,6700
DA:45,70
DA:46,69
DA:47,69
DA:55,70
DA:56,20240
DA:57,70
DA:58,69
DA:59,69
DA:67,70
LF:22
LH:22
BRDA:32,0,0,70
BRDA:45,1,0,69
BRDA:57,2,0,1
BRF:3
BRH:3
end_of_record
TN:
SF:src/features/quiz/services/quizService.ts
FN:6,(anonymous_0)
FN:28,(anonymous_1)
FNF:2
FNH:2
FNDA:8,(anonymous_0)
FNDA:92,(anonymous_1)
DA:1,1
DA:3,1
DA:5,1
DA:7,8
DA:8,8
DA:10,7
DA:11,7
DA:13,7
DA:17,7
DA:21,7
DA:23,7
DA:24,43
DA:25,43
DA:28,92
DA:33,7
LF:15
LH:15
BRDA:6,0,0,7
BRDA:8,1,0,1
BRDA:11,2,0,0
BRDA:17,3,0,1
BRDA:17,3,1,6
BRF:5
BRH:4
end_of_record
TN:
SF:src/features/review/services/spacedRepetition.ts
FN:12,(anonymous_0)
FN:38,(anonymous_1)
FN:41,(anonymous_2)
FN:42,(anonymous_3)
FNF:4
FNH:4
FNDA:13,(anonymous_0)
FNDA:4,(anonymous_1)
FNDA:5,(anonymous_2)
FNDA:2,(anonymous_3)
DA:3,1
DA:13,13
DA:15,13
DA:16,9
DA:18,4
DA:21,13
DA:22,13
DA:24,13
DA:25,6
DA:26,2
DA:27,2
DA:28,3
DA:29,0
DA:32,13
DA:39,4
DA:40,4
DA:41,5
DA:42,2
LF:18
LH:17
BRDA:15,0,0,9
BRDA:15,0,1,4
BRDA:24,1,0,6
BRDA:24,1,1,2
BRDA:24,1,2,2
BRDA:24,1,3,3
BRDA:24,1,4,0
BRDA:41,2,0,5
BRDA:41,2,1,4
BRF:9
BRH:8
end_of_record
